<?xml version="1.0" encoding="UTF-8"?>
<testng-results ignored="0" total="3" passed="3" failed="0" skipped="0">
  <reporter-output>
  </reporter-output>
  <suite started-at="2026-02-27T01:29:03 IST" name="Default suite" finished-at="2026-02-27T01:29:27 IST" duration-ms="24219">
    <groups>
    </groups>
    <test started-at="2026-02-27T01:29:03 IST" name="Default test" finished-at="2026-02-27T01:29:27 IST" duration-ms="24219">
      <class name="ParallelTsting.MultipleSession">
        <test-method signature="executeSessionOne()[pri:1, instance:ParallelTsting.MultipleSession@7a69b07]" started-at="2026-02-27T01:29:03 IST" name="executeSessionOne" finished-at="2026-02-27T01:29:11 IST" duration-ms="7511" status="PASS">
          <reporter-output>
          </reporter-output>
        </test-method> <!-- executeSessionOne -->
        <test-method signature="executeSessionTwo()[pri:2, instance:ParallelTsting.MultipleSession@7a69b07]" started-at="2026-02-27T01:29:11 IST" name="executeSessionTwo" finished-at="2026-02-27T01:29:17 IST" duration-ms="6189" status="PASS">
          <reporter-output>
          </reporter-output>
        </test-method> <!-- executeSessionTwo -->
        <test-method signature="executeSessionThree()[pri:3, instance:ParallelTsting.MultipleSession@7a69b07]" started-at="2026-02-27T01:29:17 IST" name="executeSessionThree" finished-at="2026-02-27T01:29:27 IST" duration-ms="10442" status="PASS">
          <reporter-output>
          </reporter-output>
        </test-method> <!-- executeSessionThree -->
      </class> <!-- ParallelTsting.MultipleSession -->
    </test> <!-- Default test -->
  </suite> <!-- Default suite -->
</testng-results>
