<?xml version="1.0" encoding="UTF-8"?>
<!-- Generated by org.testng.reporters.JUnitXMLReporter -->
<testsuite ignored="0" hostname="Reenu" failures="0" tests="9" name="Default test" time="6.499" errors="0" timestamp="2026-02-06T12:27:35 IST">
  <testcase classname="SwagLabs.SauceDemo" name="OpenBrowser" time="3.027"/>
  <testcase classname="SwagLabs.SauceDemo" name="LaunchApp" time="1.234"/>
  <testcase classname="SwagLabs.SauceDemo" name="UserLogin" time="0.634"/>
  <testcase classname="SwagLabs.SauceDemo" name="AddtoCart" time="0.361"/>
  <testcase classname="SwagLabs.SauceDemo" name="ViewCart" time="0.152"/>
  <testcase classname="SwagLabs.SauceDemo" name="Checkout" time="0.212"/>
  <testcase classname="SwagLabs.SauceDemo" name="CheckoutYourInformation" time="0.407"/>
  <testcase classname="SwagLabs.SauceDemo" name="Continue" time="0.181"/>
  <testcase classname="SwagLabs.SauceDemo" name="Finish" time="0.169"/>
</testsuite> <!-- Default test -->
