<?xml version="1.0" encoding="UTF-8"?>
<!-- Generated by org.testng.reporters.JUnitReportReporter -->
<testsuite hostname="Reenu" failures="0" tests="3" name="TestNG.BeforeAfterMethod" time="19.774" errors="0" timestamp="2026-02-06T11:36:47 IST" skipped="0">
  <testcase classname="TestNG.BeforeAfterMethod" name="Login" time="4.970"/>
  <testcase classname="TestNG.BeforeAfterMethod" name="Search" time="3.878"/>
  <testcase classname="TestNG.BeforeAfterMethod" name="CloseApp" time="10.926"/>
</testsuite> <!-- TestNG.BeforeAfterMethod -->
