<?xml version="1.0" encoding="UTF-8"?>
<!-- Generated by org.testng.reporters.JUnitReportReporter -->
<testsuite hostname="Reenu" failures="0" tests="4" name="TestNG.AnnotationandPriority" time="8.612" errors="0" timestamp="2026-01-31T12:39:42 IST" skipped="0">
  <testcase classname="TestNG.AnnotationandPriority" name="OpenApp" time="6.983"/>
  <testcase classname="TestNG.AnnotationandPriority" name="Login" time="1.301"/>
  <testcase classname="TestNG.AnnotationandPriority" name="Search" time="0.013"/>
  <testcase classname="TestNG.AnnotationandPriority" name="CloseApp" time="0.315"/>
</testsuite> <!-- TestNG.AnnotationandPriority -->
