<?xml version="1.0" encoding="UTF-8"?>
<!-- Generated by org.testng.reporters.JUnitReportReporter -->
<testsuite hostname="Reenu" failures="0" tests="3" name="ParallelTsting.MultipleSession" time="24.142" errors="0" timestamp="2026-02-27T01:29:27 IST" skipped="0">
  <testcase classname="ParallelTsting.MultipleSession" name="executeSessionOne" time="7.511"/>
  <testcase classname="ParallelTsting.MultipleSession" name="executeSessionTwo" time="6.189"/>
  <testcase classname="ParallelTsting.MultipleSession" name="executeSessionThree" time="10.442"/>
</testsuite> <!-- ParallelTsting.MultipleSession -->
