<?xml version="1.0" encoding="UTF-8"?>
<!-- Generated by org.testng.reporters.JUnitXMLReporter -->
<testsuite ignored="2" hostname="Reenu" failures="0" tests="2" name="Test" time="6.697" errors="0" timestamp="2026-02-06T12:17:53 IST">
  <testcase classname="TestNG.Groups" name="OpenApp" time="5.175"/>
  <testcase classname="TestNG.Groups" name="Login" time="1.397"/>
  <testcase classname="TestNG.Groups" name="Search" time="0.0">
    <ignored/>
  </testcase> <!-- Search -->
  <testcase classname="TestNG.Groups" name="CloseApp" time="0.0">
    <ignored/>
  </testcase> <!-- CloseApp -->
</testsuite> <!-- Test -->
